<?xml version="1.0" encoding="UTF-8"?>
<testsuites>
  <testsuite id="0" name="D:\Study\MERN\FP_MiniProject_MatchSchedule\NodeJS\test\index.test.js" errors="0" package="D:\Study\MERN\FP_MiniProject_MatchSchedule\NodeJS\test\index.test.js" hostname="localhost" tests="7" failures="1" time="3.2" timestamp="2022-06-22T06:56:23">
    <properties>
    </properties>
    <testcase classname="View all the fixtures" name="View all the fixtures" time="0">
      <failure message="Error: [2mexpect([22m[31mreceived[39m[2m).[22mtoBe[2m([22m[32mexpected[39m[2m) // Object.is equality[22m

Expected: [32m8[39m
Received: [31m7[39m
    at Object.&lt;anonymous&gt; (D:\Study\MERN\FP_MiniProject_MatchSchedule\NodeJS\test\index.test.js:18:31)
    at processTicksAndRejections (node:internal/process/task_queues:96:5)" type="AssertionError">
      </failure>
    </testcase>
    <testcase classname="View all the fixtures from a venue" name="View all the fixtures from a venue" time="0">
    </testcase>
    <testcase classname="View all the fixtures from a start date" name="View all the fixtures from a start date" time="0">
    </testcase>
    <testcase classname="View all the fixtures till the end date" name="View all the fixtures till the end date" time="0">
    </testcase>
    <testcase classname="View all the fixtures till the end date" name="View all the fixtures till the end date" time="0">
    </testcase>
    <testcase classname="Insert a fixture" name="Insert a fixture" time="0">
    </testcase>
    <testcase classname="Insert a fixture" name="Insert a fixture" time="0">
    </testcase>
    <system-out/>
    <system-err/>
  </testsuite>
</testsuites>