<?xml version="1.0" encoding="UTF-8"?>
<testsuites>
  <testsuite id="0" name="D:\Study\MERN\FP_MiniProject_MatchSchedule\NodeJS\test\index.test.js" errors="0" package="D:\Study\MERN\FP_MiniProject_MatchSchedule\NodeJS\test\index.test.js" hostname="localhost" tests="7" failures="0" time="3.031" timestamp="2022-06-19T19:19:35">
    <properties>
    </properties>
    <testcase classname="View all the fixtures" name="View all the fixtures" time="0">
    </testcase>
    <testcase classname="View all the fixtures from a venue" name="View all the fixtures from a venue" time="0">
    </testcase>
    <testcase classname="View all the fixtures from a start date" name="View all the fixtures from a start date" time="0">
    </testcase>
    <testcase classname="View all the fixtures till the end date" name="View all the fixtures till the end date" time="0">
    </testcase>
    <testcase classname="View all the fixtures till the end date" name="View all the fixtures till the end date" time="0">
    </testcase>
    <testcase classname="Insert a fixture" name="Insert a fixture" time="0">
    </testcase>
    <testcase classname="Insert a fixture" name="Insert a fixture" time="0">
    </testcase>
    <system-out/>
    <system-err/>
  </testsuite>
</testsuites>