<?xml version="1.0" encoding="UTF-8"?>
<testsuites>
  <testsuite id="0" name="D:\Study\MERN\FP_MiniProject_MatchSchedule\ReactJS\src\tests\Form.test.js" errors="0" package="D:\Study\MERN\FP_MiniProject_MatchSchedule\ReactJS\src\tests\Form.test.js" hostname="localhost" tests="1" failures="0" time="12.873" timestamp="2022-06-22T05:43:48">
    <properties>
    </properties>
    <testcase classname="Form" name="Form renders with all required input elements" time="0">
    </testcase>
    <system-out/>
    <system-err/>
  </testsuite>
  <testsuite id="1" name="D:\Study\MERN\FP_MiniProject_MatchSchedule\ReactJS\src\tests\List.test.js" errors="0" package="D:\Study\MERN\FP_MiniProject_MatchSchedule\ReactJS\src\tests\List.test.js" hostname="localhost" tests="2" failures="0" time="12.89" timestamp="2022-06-22T05:43:48">
    <properties>
    </properties>
    <testcase classname="List" name="renders List component" time="0">
    </testcase>
    <testcase classname="List" name="renders List with data" time="0">
    </testcase>
    <system-out/>
    <system-err/>
  </testsuite>
  <testsuite id="2" name="D:\Study\MERN\FP_MiniProject_MatchSchedule\ReactJS\src\tests\App.test.js" errors="0" package="D:\Study\MERN\FP_MiniProject_MatchSchedule\ReactJS\src\tests\App.test.js" hostname="localhost" tests="10" failures="0" time="12.967" timestamp="2022-06-22T05:43:48">
    <properties>
    </properties>
    <testcase classname="App" name="renders app component" time="0">
    </testcase>
    <testcase classname="App" name="component did mount" time="0">
    </testcase>
    <testcase classname="App" name="renders App correctly" time="0">
    </testcase>
    <testcase classname="App" name="App Button click opens Modal and renders form" time="0">
    </testcase>
    <testcase classname="App" name="App showModalHandler" time="0">
    </testcase>
    <testcase classname="App" name="App closeModalHandler" time="0">
    </testcase>
    <testcase classname="App" name="App fetchData" time="0">
    </testcase>
    <testcase classname="App" name="App fetchData return error" time="0">
    </testcase>
    <testcase classname="App" name="App submitHandler" time="0">
    </testcase>
    <testcase classname="App" name="App submitHandler returns error" time="0">
    </testcase>
    <system-out/>
    <system-err/>
  </testsuite>
</testsuites>